<?xml version="1.0" encoding="UTF-8"?>
<testsuite name="berzerk.model.HeroOrientation" tests="1" skipped="0" failures="0" errors="0" timestamp="2022-01-12T17:26:13" hostname="DESKTOP-5S8HCDK" time="0.1">
  <properties/>
  <testcase name="heroInitialOrientation()" classname="berzerk.model.HeroOrientation" time="0.1"/>
  <system-out><![CDATA[]]></system-out>
  <system-err><![CDATA[]]></system-err>
</testsuite>
