<?xml version="1.0" encoding="UTF-8"?>
<testsuite name="berzerk.model.monstersTest" tests="1" skipped="0" failures="0" errors="0" timestamp="2022-01-14T15:27:08" hostname="DESKTOP-5S8HCDK" time="0.021">
  <properties/>
  <testcase name="monsterMove()" classname="berzerk.model.monstersTest" time="0.021"/>
  <system-out><![CDATA[]]></system-out>
  <system-err><![CDATA[]]></system-err>
</testsuite>
